<?xml version="1.0" ?>
<coverage version="7.11.0" timestamp="1761332794108" lines-valid="11" lines-covered="10" line-rate="0.9091" branches-valid="2" branches-covered="1" branch-rate="0.5" complexity="0">
	<!-- Generated by coverage.py: https://coverage.readthedocs.io/en/7.11.0 -->
	<!-- Based on https://raw.githubusercontent.com/cobertura/web/master/htdocs/xml/coverage-04.dtd -->
	<sources>
		<source>C:\Users\carlos\Documents\ExactasComputacion\Introduccion a la Programacion\Practicas\Python\practica9</source>
	</sources>
	<packages>
		<package name="." line-rate="0.9091" branch-rate="0.5" complexity="0">
			<classes>
				<class name="programas.py" filename="programas.py" complexity="0" line-rate="0.8333" branch-rate="0.5">
					<methods/>
					<lines>
						<line number="1" hits="1"/>
						<line number="2" hits="1"/>
						<line number="3" hits="1" branch="true" condition-coverage="50% (1/2)" missing-branches="4"/>
						<line number="4" hits="0"/>
						<line number="6" hits="1"/>
						<line number="7" hits="1"/>
					</lines>
				</class>
				<class name="test_suites.py" filename="test_suites.py" complexity="0" line-rate="1" branch-rate="1">
					<methods/>
					<lines>
						<line number="1" hits="1"/>
						<line number="2" hits="1"/>
						<line number="5" hits="1"/>
						<line number="6" hits="1"/>
						<line number="7" hits="1"/>
					</lines>
				</class>
			</classes>
		</package>
	</packages>
</coverage>
